{"C:\\Users\\tália\\Desktop\\gerenciamento de usuarios\\projeto\\engenharia-software\\src\\cpf.js": {"path":"C:\\Users\\tália\\Desktop\\gerenciamento de usuarios\\projeto\\engenharia-software\\src\\cpf.js","statementMap":{"0":{"start":{"line":14,"column":4},"end":{"line":16,"column":5}},"1":{"start":{"line":15,"column":8},"end":{"line":15,"column":21}},"2":{"start":{"line":18,"column":22},"end":{"line":18,"column":33}},"3":{"start":{"line":21,"column":4},"end":{"line":23,"column":5}},"4":{"start":{"line":22,"column":8},"end":{"line":22,"column":21}},"5":{"start":{"line":26,"column":21},"end":{"line":26,"column":49}},"6":{"start":{"line":29,"column":4},"end":{"line":31,"column":5}},"7":{"start":{"line":30,"column":8},"end":{"line":30,"column":21}},"8":{"start":{"line":35,"column":31},"end":{"line":35,"column":60}},"9":{"start":{"line":36,"column":4},"end":{"line":38,"column":5}},"10":{"start":{"line":37,"column":8},"end":{"line":37,"column":21}},"11":{"start":{"line":41,"column":27},"end":{"line":52,"column":5}},"12":{"start":{"line":42,"column":19},"end":{"line":42,"column":20}},"13":{"start":{"line":43,"column":28},"end":{"line":43,"column":49}},"14":{"start":{"line":45,"column":8},"end":{"line":48,"column":9}},"15":{"start":{"line":46,"column":12},"end":{"line":46,"column":53}},"16":{"start":{"line":47,"column":12},"end":{"line":47,"column":28}},"17":{"start":{"line":50,"column":22},"end":{"line":50,"column":38}},"18":{"start":{"line":51,"column":8},"end":{"line":51,"column":40}},"19":{"start":{"line":55,"column":33},"end":{"line":55,"column":57}},"20":{"start":{"line":56,"column":38},"end":{"line":56,"column":74}},"21":{"start":{"line":59,"column":4},"end":{"line":61,"column":5}},"22":{"start":{"line":60,"column":8},"end":{"line":60,"column":21}},"23":{"start":{"line":63,"column":32},"end":{"line":63,"column":57}},"24":{"start":{"line":64,"column":37},"end":{"line":64,"column":72}},"25":{"start":{"line":67,"column":4},"end":{"line":69,"column":5}},"26":{"start":{"line":68,"column":8},"end":{"line":68,"column":21}},"27":{"start":{"line":72,"column":4},"end":{"line":72,"column":16}},"28":{"start":{"line":76,"column":0},"end":{"line":76,"column":27}}},"fnMap":{"0":{"name":"validaCPF","decl":{"start":{"line":12,"column":9},"end":{"line":12,"column":18}},"loc":{"start":{"line":12,"column":24},"end":{"line":73,"column":1}},"line":12},"1":{"name":"(anonymous_1)","decl":{"start":{"line":41,"column":27},"end":{"line":41,"column":28}},"loc":{"start":{"line":41,"column":43},"end":{"line":52,"column":5}},"line":41}},"branchMap":{"0":{"loc":{"start":{"line":14,"column":4},"end":{"line":16,"column":5}},"type":"if","locations":[{"start":{"line":14,"column":4},"end":{"line":16,"column":5}},{"start":{},"end":{}}],"line":14},"1":{"loc":{"start":{"line":14,"column":8},"end":{"line":14,"column":41}},"type":"binary-expr","locations":[{"start":{"line":14,"column":8},"end":{"line":14,"column":20}},{"start":{"line":14,"column":24},"end":{"line":14,"column":41}}],"line":14},"2":{"loc":{"start":{"line":21,"column":4},"end":{"line":23,"column":5}},"type":"if","locations":[{"start":{"line":21,"column":4},"end":{"line":23,"column":5}},{"start":{},"end":{}}],"line":21},"3":{"loc":{"start":{"line":29,"column":4},"end":{"line":31,"column":5}},"type":"if","locations":[{"start":{"line":29,"column":4},"end":{"line":31,"column":5}},{"start":{},"end":{}}],"line":29},"4":{"loc":{"start":{"line":36,"column":4},"end":{"line":38,"column":5}},"type":"if","locations":[{"start":{"line":36,"column":4},"end":{"line":38,"column":5}},{"start":{},"end":{}}],"line":36},"5":{"loc":{"start":{"line":51,"column":15},"end":{"line":51,"column":39}},"type":"cond-expr","locations":[{"start":{"line":51,"column":30},"end":{"line":51,"column":31}},{"start":{"line":51,"column":34},"end":{"line":51,"column":39}}],"line":51},"6":{"loc":{"start":{"line":59,"column":4},"end":{"line":61,"column":5}},"type":"if","locations":[{"start":{"line":59,"column":4},"end":{"line":61,"column":5}},{"start":{},"end":{}}],"line":59},"7":{"loc":{"start":{"line":67,"column":4},"end":{"line":69,"column":5}},"type":"if","locations":[{"start":{"line":67,"column":4},"end":{"line":69,"column":5}},{"start":{},"end":{}}],"line":67}},"s":{"0":124,"1":2,"2":122,"3":122,"4":3,"5":119,"6":119,"7":5,"8":114,"9":114,"10":3,"11":111,"12":178,"13":178,"14":178,"15":1669,"16":1669,"17":178,"18":178,"19":111,"20":111,"21":111,"22":44,"23":67,"24":67,"25":67,"26":1,"27":66,"28":3},"f":{"0":124,"1":178},"b":{"0":[2,122],"1":[124,123],"2":[3,119],"3":[5,114],"4":[3,111],"5":[65,113],"6":[44,67],"7":[1,66]},"_coverageSchema":"1a1c01bbd47fc00a2c39e90264f33305004495a9","hash":"57a09e9a2d96482469b97086c5e7223f7dfd64f9"}
,"C:\\Users\\tália\\Desktop\\gerenciamento de usuarios\\projeto\\engenharia-software\\src\\index.js": {"path":"C:\\Users\\tália\\Desktop\\gerenciamento de usuarios\\projeto\\engenharia-software\\src\\index.js","statementMap":{"0":{"start":{"line":1,"column":14},"end":{"line":1,"column":58}},"1":{"start":{"line":2,"column":21},"end":{"line":2,"column":43}},"2":{"start":{"line":3,"column":32},"end":{"line":3,"column":52}},"3":{"start":{"line":4,"column":18},"end":{"line":4,"column":34}},"4":{"start":{"line":12,"column":8},"end":{"line":12,"column":53}},"5":{"start":{"line":13,"column":8},"end":{"line":13,"column":44}},"6":{"start":{"line":20,"column":8},"end":{"line":20,"column":33}},"7":{"start":{"line":27,"column":8},"end":{"line":27,"column":85}},"8":{"start":{"line":28,"column":8},"end":{"line":28,"column":92}},"9":{"start":{"line":30,"column":8},"end":{"line":116,"column":9}},"10":{"start":{"line":32,"column":12},"end":{"line":32,"column":71}},"11":{"start":{"line":33,"column":32},"end":{"line":33,"column":86}},"12":{"start":{"line":35,"column":12},"end":{"line":39,"column":15}},"13":{"start":{"line":36,"column":31},"end":{"line":36,"column":45}},"14":{"start":{"line":37,"column":31},"end":{"line":37,"column":89}},"15":{"start":{"line":38,"column":16},"end":{"line":38,"column":56}},"16":{"start":{"line":41,"column":12},"end":{"line":41,"column":79}},"17":{"start":{"line":44,"column":36},"end":{"line":57,"column":13}},"18":{"start":{"line":59,"column":12},"end":{"line":72,"column":13}},"19":{"start":{"line":60,"column":34},"end":{"line":65,"column":17}},"20":{"start":{"line":67,"column":16},"end":{"line":71,"column":17}},"21":{"start":{"line":68,"column":20},"end":{"line":68,"column":97}},"22":{"start":{"line":70,"column":20},"end":{"line":70,"column":109}},"23":{"start":{"line":75,"column":12},"end":{"line":75,"column":77}},"24":{"start":{"line":76,"column":29},"end":{"line":76,"column":62}},"25":{"start":{"line":78,"column":12},"end":{"line":87,"column":13}},"26":{"start":{"line":79,"column":16},"end":{"line":84,"column":19}},"27":{"start":{"line":80,"column":20},"end":{"line":80,"column":80}},"28":{"start":{"line":81,"column":20},"end":{"line":81,"column":78}},"29":{"start":{"line":82,"column":20},"end":{"line":82,"column":74}},"30":{"start":{"line":83,"column":20},"end":{"line":83,"column":71}},"31":{"start":{"line":86,"column":16},"end":{"line":86,"column":73}},"32":{"start":{"line":90,"column":12},"end":{"line":90,"column":71}},"33":{"start":{"line":91,"column":26},"end":{"line":91,"column":62}},"34":{"start":{"line":92,"column":12},"end":{"line":92,"column":84}},"35":{"start":{"line":93,"column":12},"end":{"line":93,"column":84}},"36":{"start":{"line":94,"column":12},"end":{"line":94,"column":86}},"37":{"start":{"line":97,"column":12},"end":{"line":107,"column":13}},"38":{"start":{"line":98,"column":16},"end":{"line":98,"column":78}},"39":{"start":{"line":99,"column":40},"end":{"line":99,"column":51}},"40":{"start":{"line":100,"column":42},"end":{"line":100,"column":92}},"41":{"start":{"line":102,"column":16},"end":{"line":106,"column":17}},"42":{"start":{"line":103,"column":20},"end":{"line":103,"column":99}},"43":{"start":{"line":105,"column":20},"end":{"line":105,"column":74}},"44":{"start":{"line":109,"column":12},"end":{"line":109,"column":91}},"45":{"start":{"line":110,"column":12},"end":{"line":110,"column":90}},"46":{"start":{"line":113,"column":12},"end":{"line":113,"column":83}},"47":{"start":{"line":114,"column":12},"end":{"line":114,"column":52}},"48":{"start":{"line":115,"column":12},"end":{"line":115,"column":28}},"49":{"start":{"line":123,"column":8},"end":{"line":123,"column":32}},"50":{"start":{"line":129,"column":20},"end":{"line":129,"column":54}},"51":{"start":{"line":132,"column":17},"end":{"line":132,"column":38}},"52":{"start":{"line":134,"column":4},"end":{"line":140,"column":5}},"53":{"start":{"line":136,"column":8},"end":{"line":136,"column":45}},"54":{"start":{"line":139,"column":8},"end":{"line":139,"column":40}},"55":{"start":{"line":144,"column":0},"end":{"line":146,"column":1}},"56":{"start":{"line":145,"column":4},"end":{"line":145,"column":11}},"57":{"start":{"line":148,"column":0},"end":{"line":148,"column":46}}},"fnMap":{"0":{"name":"(anonymous_0)","decl":{"start":{"line":11,"column":4},"end":{"line":11,"column":5}},"loc":{"start":{"line":11,"column":18},"end":{"line":14,"column":5}},"line":11},"1":{"name":"(anonymous_1)","decl":{"start":{"line":19,"column":4},"end":{"line":19,"column":5}},"loc":{"start":{"line":19,"column":28},"end":{"line":21,"column":5}},"line":19},"2":{"name":"(anonymous_2)","decl":{"start":{"line":26,"column":4},"end":{"line":26,"column":5}},"loc":{"start":{"line":26,"column":33},"end":{"line":117,"column":5}},"line":26},"3":{"name":"(anonymous_3)","decl":{"start":{"line":35,"column":32},"end":{"line":35,"column":33}},"loc":{"start":{"line":35,"column":39},"end":{"line":39,"column":13}},"line":35},"4":{"name":"(anonymous_4)","decl":{"start":{"line":79,"column":33},"end":{"line":79,"column":34}},"loc":{"start":{"line":79,"column":53},"end":{"line":84,"column":17}},"line":79},"5":{"name":"(anonymous_5)","decl":{"start":{"line":122,"column":4},"end":{"line":122,"column":5}},"loc":{"start":{"line":122,"column":23},"end":{"line":124,"column":5}},"line":122},"6":{"name":"main","decl":{"start":{"line":128,"column":15},"end":{"line":128,"column":19}},"loc":{"start":{"line":128,"column":22},"end":{"line":141,"column":1}},"line":128}},"branchMap":{"0":{"loc":{"start":{"line":1,"column":14},"end":{"line":1,"column":58}},"type":"binary-expr","locations":[{"start":{"line":1,"column":14},"end":{"line":1,"column":38}},{"start":{"line":1,"column":42},"end":{"line":1,"column":58}}],"line":1},"1":{"loc":{"start":{"line":37,"column":31},"end":{"line":37,"column":89}},"type":"cond-expr","locations":[{"start":{"line":37,"column":40},"end":{"line":37,"column":63}},{"start":{"line":37,"column":66},"end":{"line":37,"column":89}}],"line":37},"2":{"loc":{"start":{"line":67,"column":16},"end":{"line":71,"column":17}},"type":"if","locations":[{"start":{"line":67,"column":16},"end":{"line":71,"column":17}},{"start":{"line":69,"column":23},"end":{"line":71,"column":17}}],"line":67},"3":{"loc":{"start":{"line":78,"column":12},"end":{"line":87,"column":13}},"type":"if","locations":[{"start":{"line":78,"column":12},"end":{"line":87,"column":13}},{"start":{"line":85,"column":19},"end":{"line":87,"column":13}}],"line":78},"4":{"loc":{"start":{"line":97,"column":12},"end":{"line":107,"column":13}},"type":"if","locations":[{"start":{"line":97,"column":12},"end":{"line":107,"column":13}},{"start":{},"end":{}}],"line":97},"5":{"loc":{"start":{"line":102,"column":16},"end":{"line":106,"column":17}},"type":"if","locations":[{"start":{"line":102,"column":16},"end":{"line":106,"column":17}},{"start":{"line":104,"column":23},"end":{"line":106,"column":17}}],"line":102},"6":{"loc":{"start":{"line":134,"column":4},"end":{"line":140,"column":5}},"type":"if","locations":[{"start":{"line":134,"column":4},"end":{"line":140,"column":5}},{"start":{"line":137,"column":11},"end":{"line":140,"column":5}}],"line":134},"7":{"loc":{"start":{"line":134,"column":8},"end":{"line":134,"column":54}},"type":"binary-expr","locations":[{"start":{"line":134,"column":8},"end":{"line":134,"column":31}},{"start":{"line":134,"column":35},"end":{"line":134,"column":54}}],"line":134},"8":{"loc":{"start":{"line":144,"column":0},"end":{"line":146,"column":1}},"type":"if","locations":[{"start":{"line":144,"column":0},"end":{"line":146,"column":1}},{"start":{},"end":{}}],"line":144}},"s":{"0":1,"1":1,"2":1,"3":1,"4":10,"5":10,"6":0,"7":0,"8":0,"9":0,"10":0,"11":0,"12":0,"13":0,"14":0,"15":0,"16":0,"17":0,"18":0,"19":0,"20":0,"21":0,"22":0,"23":0,"24":0,"25":0,"26":0,"27":0,"28":0,"29":0,"30":0,"31":0,"32":0,"33":0,"34":0,"35":0,"36":0,"37":0,"38":0,"39":0,"40":0,"41":0,"42":0,"43":0,"44":0,"45":0,"46":0,"47":0,"48":0,"49":9,"50":0,"51":0,"52":0,"53":0,"54":0,"55":1,"56":0,"57":1},"f":{"0":10,"1":0,"2":0,"3":0,"4":0,"5":9,"6":0},"b":{"0":[1,1],"1":[0,0],"2":[0,0],"3":[0,0],"4":[0,0],"5":[0,0],"6":[0,0],"7":[0,0],"8":[0,1]},"_coverageSchema":"1a1c01bbd47fc00a2c39e90264f33305004495a9","hash":"17c023a0f6503adeb2b787e64113113557e40bcf"}
,"C:\\Users\\tália\\Desktop\\gerenciamento de usuarios\\projeto\\engenharia-software\\src\\usuario.js": {"path":"C:\\Users\\tália\\Desktop\\gerenciamento de usuarios\\projeto\\engenharia-software\\src\\usuario.js","statementMap":{"0":{"start":{"line":1,"column":18},"end":{"line":1,"column":34}},"1":{"start":{"line":2,"column":15},"end":{"line":2,"column":32}},"2":{"start":{"line":9,"column":8},"end":{"line":9,"column":33}},"3":{"start":{"line":10,"column":8},"end":{"line":10,"column":25}},"4":{"start":{"line":11,"column":8},"end":{"line":11,"column":27}},"5":{"start":{"line":12,"column":8},"end":{"line":12,"column":23}},"6":{"start":{"line":13,"column":8},"end":{"line":13,"column":33}},"7":{"start":{"line":14,"column":8},"end":{"line":14,"column":67}},"8":{"start":{"line":15,"column":8},"end":{"line":15,"column":26}},"9":{"start":{"line":19,"column":8},"end":{"line":19,"column":55}},"10":{"start":{"line":23,"column":8},"end":{"line":31,"column":10}},"11":{"start":{"line":40,"column":8},"end":{"line":40,"column":27}},"12":{"start":{"line":53,"column":8},"end":{"line":55,"column":9}},"13":{"start":{"line":54,"column":12},"end":{"line":54,"column":85}},"14":{"start":{"line":57,"column":8},"end":{"line":59,"column":9}},"15":{"start":{"line":58,"column":12},"end":{"line":58,"column":62}},"16":{"start":{"line":61,"column":8},"end":{"line":63,"column":9}},"17":{"start":{"line":62,"column":12},"end":{"line":62,"column":60}},"18":{"start":{"line":66,"column":8},"end":{"line":68,"column":9}},"19":{"start":{"line":67,"column":12},"end":{"line":67,"column":76}},"20":{"start":{"line":71,"column":8},"end":{"line":73,"column":9}},"21":{"start":{"line":72,"column":12},"end":{"line":72,"column":78}},"22":{"start":{"line":75,"column":24},"end":{"line":75,"column":63}},"23":{"start":{"line":76,"column":8},"end":{"line":76,"column":36}},"24":{"start":{"line":78,"column":8},"end":{"line":82,"column":10}},"25":{"start":{"line":90,"column":8},"end":{"line":92,"column":46}},"26":{"start":{"line":91,"column":31},"end":{"line":91,"column":44}},"27":{"start":{"line":92,"column":28},"end":{"line":92,"column":44}},"28":{"start":{"line":101,"column":24},"end":{"line":101,"column":71}},"29":{"start":{"line":101,"column":48},"end":{"line":101,"column":70}},"30":{"start":{"line":102,"column":8},"end":{"line":102,"column":49}},"31":{"start":{"line":111,"column":25},"end":{"line":111,"column":47}},"32":{"start":{"line":112,"column":24},"end":{"line":112,"column":97}},"33":{"start":{"line":112,"column":48},"end":{"line":112,"column":96}},"34":{"start":{"line":113,"column":8},"end":{"line":113,"column":49}},"35":{"start":{"line":122,"column":24},"end":{"line":122,"column":105}},"36":{"start":{"line":122,"column":48},"end":{"line":122,"column":104}},"37":{"start":{"line":123,"column":8},"end":{"line":123,"column":49}},"38":{"start":{"line":132,"column":24},"end":{"line":132,"column":71}},"39":{"start":{"line":132,"column":48},"end":{"line":132,"column":70}},"40":{"start":{"line":134,"column":8},"end":{"line":136,"column":9}},"41":{"start":{"line":135,"column":12},"end":{"line":135,"column":70}},"42":{"start":{"line":138,"column":8},"end":{"line":138,"column":30}},"43":{"start":{"line":139,"column":8},"end":{"line":139,"column":75}},"44":{"start":{"line":149,"column":24},"end":{"line":149,"column":71}},"45":{"start":{"line":149,"column":48},"end":{"line":149,"column":70}},"46":{"start":{"line":151,"column":8},"end":{"line":153,"column":9}},"47":{"start":{"line":152,"column":12},"end":{"line":152,"column":70}},"48":{"start":{"line":156,"column":8},"end":{"line":158,"column":9}},"49":{"start":{"line":157,"column":12},"end":{"line":157,"column":85}},"50":{"start":{"line":160,"column":8},"end":{"line":162,"column":9}},"51":{"start":{"line":161,"column":12},"end":{"line":161,"column":62}},"52":{"start":{"line":164,"column":8},"end":{"line":166,"column":9}},"53":{"start":{"line":165,"column":12},"end":{"line":165,"column":60}},"54":{"start":{"line":169,"column":8},"end":{"line":174,"column":9}},"55":{"start":{"line":170,"column":34},"end":{"line":170,"column":73}},"56":{"start":{"line":171,"column":12},"end":{"line":173,"column":13}},"57":{"start":{"line":172,"column":16},"end":{"line":172,"column":88}},"58":{"start":{"line":176,"column":8},"end":{"line":181,"column":9}},"59":{"start":{"line":177,"column":36},"end":{"line":177,"column":79}},"60":{"start":{"line":178,"column":12},"end":{"line":180,"column":13}},"61":{"start":{"line":179,"column":16},"end":{"line":179,"column":90}},"62":{"start":{"line":184,"column":8},"end":{"line":184,"column":72}},"63":{"start":{"line":184,"column":35},"end":{"line":184,"column":72}},"64":{"start":{"line":185,"column":8},"end":{"line":185,"column":75}},"65":{"start":{"line":185,"column":36},"end":{"line":185,"column":75}},"66":{"start":{"line":186,"column":8},"end":{"line":186,"column":69}},"67":{"start":{"line":186,"column":34},"end":{"line":186,"column":69}},"68":{"start":{"line":187,"column":8},"end":{"line":187,"column":98}},"69":{"start":{"line":187,"column":53},"end":{"line":187,"column":98}},"70":{"start":{"line":189,"column":8},"end":{"line":193,"column":10}},"71":{"start":{"line":202,"column":22},"end":{"line":202,"column":50}},"72":{"start":{"line":203,"column":8},"end":{"line":203,"column":33}},"73":{"start":{"line":211,"column":31},"end":{"line":211,"column":65}},"74":{"start":{"line":211,"column":57},"end":{"line":211,"column":64}},"75":{"start":{"line":212,"column":33},"end":{"line":212,"column":68}},"76":{"start":{"line":212,"column":59},"end":{"line":212,"column":67}},"77":{"start":{"line":214,"column":8},"end":{"line":220,"column":10}},"78":{"start":{"line":224,"column":0},"end":{"line":224,"column":50}}},"fnMap":{"0":{"name":"(anonymous_0)","decl":{"start":{"line":8,"column":4},"end":{"line":8,"column":5}},"loc":{"start":{"line":8,"column":51},"end":{"line":16,"column":5}},"line":8},"1":{"name":"(anonymous_1)","decl":{"start":{"line":18,"column":4},"end":{"line":18,"column":5}},"loc":{"start":{"line":18,"column":14},"end":{"line":20,"column":5}},"line":18},"2":{"name":"(anonymous_2)","decl":{"start":{"line":22,"column":4},"end":{"line":22,"column":5}},"loc":{"start":{"line":22,"column":13},"end":{"line":32,"column":5}},"line":22},"3":{"name":"(anonymous_3)","decl":{"start":{"line":39,"column":4},"end":{"line":39,"column":5}},"loc":{"start":{"line":39,"column":18},"end":{"line":41,"column":5}},"line":39},"4":{"name":"(anonymous_4)","decl":{"start":{"line":51,"column":4},"end":{"line":51,"column":5}},"loc":{"start":{"line":51,"column":56},"end":{"line":83,"column":5}},"line":51},"5":{"name":"(anonymous_5)","decl":{"start":{"line":89,"column":4},"end":{"line":89,"column":5}},"loc":{"start":{"line":89,"column":21},"end":{"line":93,"column":5}},"line":89},"6":{"name":"(anonymous_6)","decl":{"start":{"line":91,"column":20},"end":{"line":91,"column":21}},"loc":{"start":{"line":91,"column":31},"end":{"line":91,"column":44}},"line":91},"7":{"name":"(anonymous_7)","decl":{"start":{"line":92,"column":17},"end":{"line":92,"column":18}},"loc":{"start":{"line":92,"column":28},"end":{"line":92,"column":44}},"line":92},"8":{"name":"(anonymous_8)","decl":{"start":{"line":100,"column":4},"end":{"line":100,"column":5}},"loc":{"start":{"line":100,"column":20},"end":{"line":103,"column":5}},"line":100},"9":{"name":"(anonymous_9)","decl":{"start":{"line":101,"column":43},"end":{"line":101,"column":44}},"loc":{"start":{"line":101,"column":48},"end":{"line":101,"column":70}},"line":101},"10":{"name":"(anonymous_10)","decl":{"start":{"line":110,"column":4},"end":{"line":110,"column":5}},"loc":{"start":{"line":110,"column":22},"end":{"line":114,"column":5}},"line":110},"11":{"name":"(anonymous_11)","decl":{"start":{"line":112,"column":43},"end":{"line":112,"column":44}},"loc":{"start":{"line":112,"column":48},"end":{"line":112,"column":96}},"line":112},"12":{"name":"(anonymous_12)","decl":{"start":{"line":121,"column":4},"end":{"line":121,"column":5}},"loc":{"start":{"line":121,"column":26},"end":{"line":124,"column":5}},"line":121},"13":{"name":"(anonymous_13)","decl":{"start":{"line":122,"column":43},"end":{"line":122,"column":44}},"loc":{"start":{"line":122,"column":48},"end":{"line":122,"column":104}},"line":122},"14":{"name":"(anonymous_14)","decl":{"start":{"line":131,"column":4},"end":{"line":131,"column":5}},"loc":{"start":{"line":131,"column":23},"end":{"line":140,"column":5}},"line":131},"15":{"name":"(anonymous_15)","decl":{"start":{"line":132,"column":43},"end":{"line":132,"column":44}},"loc":{"start":{"line":132,"column":48},"end":{"line":132,"column":70}},"line":132},"16":{"name":"(anonymous_16)","decl":{"start":{"line":148,"column":4},"end":{"line":148,"column":5}},"loc":{"start":{"line":148,"column":43},"end":{"line":194,"column":5}},"line":148},"17":{"name":"(anonymous_17)","decl":{"start":{"line":149,"column":43},"end":{"line":149,"column":44}},"loc":{"start":{"line":149,"column":48},"end":{"line":149,"column":70}},"line":149},"18":{"name":"(anonymous_18)","decl":{"start":{"line":201,"column":4},"end":{"line":201,"column":5}},"loc":{"start":{"line":201,"column":24},"end":{"line":204,"column":5}},"line":201},"19":{"name":"(anonymous_19)","decl":{"start":{"line":210,"column":4},"end":{"line":210,"column":5}},"loc":{"start":{"line":210,"column":24},"end":{"line":221,"column":5}},"line":210},"20":{"name":"(anonymous_20)","decl":{"start":{"line":211,"column":52},"end":{"line":211,"column":53}},"loc":{"start":{"line":211,"column":57},"end":{"line":211,"column":64}},"line":211},"21":{"name":"(anonymous_21)","decl":{"start":{"line":212,"column":54},"end":{"line":212,"column":55}},"loc":{"start":{"line":212,"column":59},"end":{"line":212,"column":67}},"line":212}},"branchMap":{"0":{"loc":{"start":{"line":8,"column":34},"end":{"line":8,"column":49}},"type":"default-arg","locations":[{"start":{"line":8,"column":45},"end":{"line":8,"column":49}}],"line":8},"1":{"loc":{"start":{"line":51,"column":39},"end":{"line":51,"column":54}},"type":"default-arg","locations":[{"start":{"line":51,"column":50},"end":{"line":51,"column":54}}],"line":51},"2":{"loc":{"start":{"line":53,"column":8},"end":{"line":55,"column":9}},"type":"if","locations":[{"start":{"line":53,"column":8},"end":{"line":55,"column":9}},{"start":{},"end":{}}],"line":53},"3":{"loc":{"start":{"line":53,"column":12},"end":{"line":53,"column":43}},"type":"binary-expr","locations":[{"start":{"line":53,"column":12},"end":{"line":53,"column":17}},{"start":{"line":53,"column":21},"end":{"line":53,"column":43}}],"line":53},"4":{"loc":{"start":{"line":57,"column":8},"end":{"line":59,"column":9}},"type":"if","locations":[{"start":{"line":57,"column":8},"end":{"line":59,"column":9}},{"start":{},"end":{}}],"line":57},"5":{"loc":{"start":{"line":57,"column":12},"end":{"line":57,"column":47}},"type":"binary-expr","locations":[{"start":{"line":57,"column":12},"end":{"line":57,"column":18}},{"start":{"line":57,"column":22},"end":{"line":57,"column":47}}],"line":57},"6":{"loc":{"start":{"line":61,"column":8},"end":{"line":63,"column":9}},"type":"if","locations":[{"start":{"line":61,"column":8},"end":{"line":63,"column":9}},{"start":{},"end":{}}],"line":61},"7":{"loc":{"start":{"line":61,"column":12},"end":{"line":61,"column":35}},"type":"binary-expr","locations":[{"start":{"line":61,"column":12},"end":{"line":61,"column":16}},{"start":{"line":61,"column":20},"end":{"line":61,"column":35}}],"line":61},"8":{"loc":{"start":{"line":66,"column":8},"end":{"line":68,"column":9}},"type":"if","locations":[{"start":{"line":66,"column":8},"end":{"line":68,"column":9}},{"start":{},"end":{}}],"line":66},"9":{"loc":{"start":{"line":71,"column":8},"end":{"line":73,"column":9}},"type":"if","locations":[{"start":{"line":71,"column":8},"end":{"line":73,"column":9}},{"start":{},"end":{}}],"line":71},"10":{"loc":{"start":{"line":101,"column":48},"end":{"line":101,"column":70}},"type":"binary-expr","locations":[{"start":{"line":101,"column":48},"end":{"line":101,"column":59}},{"start":{"line":101,"column":63},"end":{"line":101,"column":70}}],"line":101},"11":{"loc":{"start":{"line":102,"column":15},"end":{"line":102,"column":48}},"type":"cond-expr","locations":[{"start":{"line":102,"column":25},"end":{"line":102,"column":41}},{"start":{"line":102,"column":44},"end":{"line":102,"column":48}}],"line":102},"12":{"loc":{"start":{"line":112,"column":48},"end":{"line":112,"column":96}},"type":"binary-expr","locations":[{"start":{"line":112,"column":48},"end":{"line":112,"column":85}},{"start":{"line":112,"column":89},"end":{"line":112,"column":96}}],"line":112},"13":{"loc":{"start":{"line":113,"column":15},"end":{"line":113,"column":48}},"type":"cond-expr","locations":[{"start":{"line":113,"column":25},"end":{"line":113,"column":41}},{"start":{"line":113,"column":44},"end":{"line":113,"column":48}}],"line":113},"14":{"loc":{"start":{"line":122,"column":48},"end":{"line":122,"column":104}},"type":"binary-expr","locations":[{"start":{"line":122,"column":48},"end":{"line":122,"column":93}},{"start":{"line":122,"column":97},"end":{"line":122,"column":104}}],"line":122},"15":{"loc":{"start":{"line":123,"column":15},"end":{"line":123,"column":48}},"type":"cond-expr","locations":[{"start":{"line":123,"column":25},"end":{"line":123,"column":41}},{"start":{"line":123,"column":44},"end":{"line":123,"column":48}}],"line":123},"16":{"loc":{"start":{"line":132,"column":48},"end":{"line":132,"column":70}},"type":"binary-expr","locations":[{"start":{"line":132,"column":48},"end":{"line":132,"column":59}},{"start":{"line":132,"column":63},"end":{"line":132,"column":70}}],"line":132},"17":{"loc":{"start":{"line":134,"column":8},"end":{"line":136,"column":9}},"type":"if","locations":[{"start":{"line":134,"column":8},"end":{"line":136,"column":9}},{"start":{},"end":{}}],"line":134},"18":{"loc":{"start":{"line":149,"column":48},"end":{"line":149,"column":70}},"type":"binary-expr","locations":[{"start":{"line":149,"column":48},"end":{"line":149,"column":59}},{"start":{"line":149,"column":63},"end":{"line":149,"column":70}}],"line":149},"19":{"loc":{"start":{"line":151,"column":8},"end":{"line":153,"column":9}},"type":"if","locations":[{"start":{"line":151,"column":8},"end":{"line":153,"column":9}},{"start":{},"end":{}}],"line":151},"20":{"loc":{"start":{"line":156,"column":8},"end":{"line":158,"column":9}},"type":"if","locations":[{"start":{"line":156,"column":8},"end":{"line":158,"column":9}},{"start":{},"end":{}}],"line":156},"21":{"loc":{"start":{"line":156,"column":12},"end":{"line":156,"column":76}},"type":"binary-expr","locations":[{"start":{"line":156,"column":12},"end":{"line":156,"column":33}},{"start":{"line":156,"column":37},"end":{"line":156,"column":76}}],"line":156},"22":{"loc":{"start":{"line":160,"column":8},"end":{"line":162,"column":9}},"type":"if","locations":[{"start":{"line":160,"column":8},"end":{"line":162,"column":9}},{"start":{},"end":{}}],"line":160},"23":{"loc":{"start":{"line":160,"column":12},"end":{"line":160,"column":80}},"type":"binary-expr","locations":[{"start":{"line":160,"column":12},"end":{"line":160,"column":34}},{"start":{"line":160,"column":38},"end":{"line":160,"column":80}}],"line":160},"24":{"loc":{"start":{"line":164,"column":8},"end":{"line":166,"column":9}},"type":"if","locations":[{"start":{"line":164,"column":8},"end":{"line":166,"column":9}},{"start":{},"end":{}}],"line":164},"25":{"loc":{"start":{"line":164,"column":12},"end":{"line":164,"column":68}},"type":"binary-expr","locations":[{"start":{"line":164,"column":12},"end":{"line":164,"column":32}},{"start":{"line":164,"column":36},"end":{"line":164,"column":68}}],"line":164},"26":{"loc":{"start":{"line":169,"column":8},"end":{"line":174,"column":9}},"type":"if","locations":[{"start":{"line":169,"column":8},"end":{"line":174,"column":9}},{"start":{},"end":{}}],"line":169},"27":{"loc":{"start":{"line":171,"column":12},"end":{"line":173,"column":13}},"type":"if","locations":[{"start":{"line":171,"column":12},"end":{"line":173,"column":13}},{"start":{},"end":{}}],"line":171},"28":{"loc":{"start":{"line":171,"column":16},"end":{"line":171,"column":56}},"type":"binary-expr","locations":[{"start":{"line":171,"column":16},"end":{"line":171,"column":29}},{"start":{"line":171,"column":33},"end":{"line":171,"column":56}}],"line":171},"29":{"loc":{"start":{"line":176,"column":8},"end":{"line":181,"column":9}},"type":"if","locations":[{"start":{"line":176,"column":8},"end":{"line":181,"column":9}},{"start":{},"end":{}}],"line":176},"30":{"loc":{"start":{"line":178,"column":12},"end":{"line":180,"column":13}},"type":"if","locations":[{"start":{"line":178,"column":12},"end":{"line":180,"column":13}},{"start":{},"end":{}}],"line":178},"31":{"loc":{"start":{"line":178,"column":16},"end":{"line":178,"column":60}},"type":"binary-expr","locations":[{"start":{"line":178,"column":16},"end":{"line":178,"column":31}},{"start":{"line":178,"column":35},"end":{"line":178,"column":60}}],"line":178},"32":{"loc":{"start":{"line":184,"column":8},"end":{"line":184,"column":72}},"type":"if","locations":[{"start":{"line":184,"column":8},"end":{"line":184,"column":72}},{"start":{},"end":{}}],"line":184},"33":{"loc":{"start":{"line":185,"column":8},"end":{"line":185,"column":75}},"type":"if","locations":[{"start":{"line":185,"column":8},"end":{"line":185,"column":75}},{"start":{},"end":{}}],"line":185},"34":{"loc":{"start":{"line":186,"column":8},"end":{"line":186,"column":69}},"type":"if","locations":[{"start":{"line":186,"column":8},"end":{"line":186,"column":69}},{"start":{},"end":{}}],"line":186},"35":{"loc":{"start":{"line":187,"column":8},"end":{"line":187,"column":98}},"type":"if","locations":[{"start":{"line":187,"column":8},"end":{"line":187,"column":98}},{"start":{},"end":{}}],"line":187},"36":{"loc":{"start":{"line":218,"column":28},"end":{"line":219,"column":77}},"type":"cond-expr","locations":[{"start":{"line":219,"column":16},"end":{"line":219,"column":70}},{"start":{"line":219,"column":73},"end":{"line":219,"column":77}}],"line":218}},"s":{"0":2,"1":2,"2":48,"3":48,"4":48,"5":48,"6":48,"7":48,"8":48,"9":48,"10":92,"11":46,"12":106,"13":2,"14":104,"15":1,"16":103,"17":45,"18":58,"19":13,"20":45,"21":2,"22":43,"23":43,"24":43,"25":10,"26":17,"27":14,"28":9,"29":15,"30":9,"31":67,"32":67,"33":61,"34":67,"35":51,"36":33,"37":51,"38":6,"39":7,"40":6,"41":1,"42":5,"43":5,"44":7,"45":7,"46":7,"47":0,"48":7,"49":1,"50":6,"51":1,"52":5,"53":0,"54":5,"55":1,"56":1,"57":1,"58":4,"59":2,"60":2,"61":1,"62":3,"63":2,"64":3,"65":1,"66":3,"67":0,"68":3,"69":1,"70":3,"71":114,"72":114,"73":2,"74":2,"75":2,"76":2,"77":2,"78":2},"f":{"0":48,"1":48,"2":92,"3":46,"4":106,"5":10,"6":17,"7":14,"8":9,"9":15,"10":67,"11":61,"12":51,"13":33,"14":6,"15":7,"16":7,"17":7,"18":114,"19":2,"20":2,"21":2},"b":{"0":[4],"1":[104],"2":[2,104],"3":[106,105],"4":[1,103],"5":[104,104],"6":[45,58],"7":[103,103],"8":[13,45],"9":[2,43],"10":[15,7],"11":[5,4],"12":[61,20],"13":[20,47],"14":[33,6],"15":[6,45],"16":[7,5],"17":[1,5],"18":[7,7],"19":[0,7],"20":[1,6],"21":[7,3],"22":[1,5],"23":[6,3],"24":[0,5],"25":[5,1],"26":[1,4],"27":[1,0],"28":[1,1],"29":[2,2],"30":[1,1],"31":[2,1],"32":[2,1],"33":[1,2],"34":[0,3],"35":[1,2],"36":[1,1]},"_coverageSchema":"1a1c01bbd47fc00a2c39e90264f33305004495a9","hash":"18b37872ca2a7fb84ad101c7c3f15d73b553db57"}
}
