TN:
SF:src\cpf.js
FN:12,validaCPF
FN:41,(anonymous_1)
FNF:2
FNH:2
FNDA:124,validaCPF
FNDA:178,(anonymous_1)
DA:14,124
DA:15,2
DA:18,122
DA:21,122
DA:22,3
DA:26,119
DA:29,119
DA:30,5
DA:35,114
DA:36,114
DA:37,3
DA:41,111
DA:42,178
DA:43,178
DA:45,178
DA:46,1669
DA:47,1669
DA:50,178
DA:51,178
DA:55,111
DA:56,111
DA:59,111
DA:60,44
DA:63,67
DA:64,67
DA:67,67
DA:68,1
DA:72,66
DA:76,3
LF:29
LH:29
BRDA:14,0,0,2
BRDA:14,0,1,122
BRDA:14,1,0,124
BRDA:14,1,1,123
BRDA:21,2,0,3
BRDA:21,2,1,119
BRDA:29,3,0,5
BRDA:29,3,1,114
BRDA:36,4,0,3
BRDA:36,4,1,111
BRDA:51,5,0,65
BRDA:51,5,1,113
BRDA:59,6,0,44
BRDA:59,6,1,67
BRDA:67,7,0,1
BRDA:67,7,1,66
BRF:16
BRH:16
end_of_record
TN:
SF:src\index.js
FN:11,(anonymous_0)
FN:19,(anonymous_1)
FN:26,(anonymous_2)
FN:35,(anonymous_3)
FN:79,(anonymous_4)
FN:122,(anonymous_5)
FN:128,main
FNF:7
FNH:2
FNDA:10,(anonymous_0)
FNDA:0,(anonymous_1)
FNDA:0,(anonymous_2)
FNDA:0,(anonymous_3)
FNDA:0,(anonymous_4)
FNDA:9,(anonymous_5)
FNDA:0,main
DA:1,1
DA:2,1
DA:3,1
DA:4,1
DA:12,10
DA:13,10
DA:20,0
DA:27,0
DA:28,0
DA:30,0
DA:32,0
DA:33,0
DA:35,0
DA:36,0
DA:37,0
DA:38,0
DA:41,0
DA:44,0
DA:59,0
DA:60,0
DA:67,0
DA:68,0
DA:70,0
DA:75,0
DA:76,0
DA:78,0
DA:79,0
DA:80,0
DA:81,0
DA:82,0
DA:83,0
DA:86,0
DA:90,0
DA:91,0
DA:92,0
DA:93,0
DA:94,0
DA:97,0
DA:98,0
DA:99,0
DA:100,0
DA:102,0
DA:103,0
DA:105,0
DA:109,0
DA:110,0
DA:113,0
DA:114,0
DA:115,0
DA:123,9
DA:129,0
DA:132,0
DA:134,0
DA:136,0
DA:139,0
DA:144,1
DA:145,0
DA:148,1
LF:58
LH:9
BRDA:1,0,0,1
BRDA:1,0,1,1
BRDA:37,1,0,0
BRDA:37,1,1,0
BRDA:67,2,0,0
BRDA:67,2,1,0
BRDA:78,3,0,0
BRDA:78,3,1,0
BRDA:97,4,0,0
BRDA:97,4,1,0
BRDA:102,5,0,0
BRDA:102,5,1,0
BRDA:134,6,0,0
BRDA:134,6,1,0
BRDA:134,7,0,0
BRDA:134,7,1,0
BRDA:144,8,0,0
BRDA:144,8,1,1
BRF:18
BRH:3
end_of_record
TN:
SF:src\usuario.js
FN:8,(anonymous_0)
FN:18,(anonymous_1)
FN:22,(anonymous_2)
FN:39,(anonymous_3)
FN:51,(anonymous_4)
FN:89,(anonymous_5)
FN:91,(anonymous_6)
FN:92,(anonymous_7)
FN:100,(anonymous_8)
FN:101,(anonymous_9)
FN:110,(anonymous_10)
FN:112,(anonymous_11)
FN:121,(anonymous_12)
FN:122,(anonymous_13)
FN:131,(anonymous_14)
FN:132,(anonymous_15)
FN:148,(anonymous_16)
FN:149,(anonymous_17)
FN:201,(anonymous_18)
FN:210,(anonymous_19)
FN:211,(anonymous_20)
FN:212,(anonymous_21)
FNF:22
FNH:22
FNDA:48,(anonymous_0)
FNDA:48,(anonymous_1)
FNDA:92,(anonymous_2)
FNDA:46,(anonymous_3)
FNDA:106,(anonymous_4)
FNDA:10,(anonymous_5)
FNDA:17,(anonymous_6)
FNDA:14,(anonymous_7)
FNDA:9,(anonymous_8)
FNDA:15,(anonymous_9)
FNDA:67,(anonymous_10)
FNDA:61,(anonymous_11)
FNDA:51,(anonymous_12)
FNDA:33,(anonymous_13)
FNDA:6,(anonymous_14)
FNDA:7,(anonymous_15)
FNDA:7,(anonymous_16)
FNDA:7,(anonymous_17)
FNDA:114,(anonymous_18)
FNDA:2,(anonymous_19)
FNDA:2,(anonymous_20)
FNDA:2,(anonymous_21)
DA:1,2
DA:2,2
DA:9,48
DA:10,48
DA:11,48
DA:12,48
DA:13,48
DA:14,48
DA:15,48
DA:19,48
DA:23,92
DA:40,46
DA:53,106
DA:54,2
DA:57,104
DA:58,1
DA:61,103
DA:62,45
DA:66,58
DA:67,13
DA:71,45
DA:72,2
DA:75,43
DA:76,43
DA:78,43
DA:90,10
DA:91,17
DA:92,14
DA:101,15
DA:102,9
DA:111,67
DA:112,67
DA:113,67
DA:122,51
DA:123,51
DA:132,7
DA:134,6
DA:135,1
DA:138,5
DA:139,5
DA:149,7
DA:151,7
DA:152,0
DA:156,7
DA:157,1
DA:160,6
DA:161,1
DA:164,5
DA:165,0
DA:169,5
DA:170,1
DA:171,1
DA:172,1
DA:176,4
DA:177,2
DA:178,2
DA:179,1
DA:184,3
DA:185,3
DA:186,3
DA:187,3
DA:189,3
DA:202,114
DA:203,114
DA:211,2
DA:212,2
DA:214,2
DA:224,2
LF:68
LH:66
BRDA:8,0,0,4
BRDA:51,1,0,104
BRDA:53,2,0,2
BRDA:53,2,1,104
BRDA:53,3,0,106
BRDA:53,3,1,105
BRDA:57,4,0,1
BRDA:57,4,1,103
BRDA:57,5,0,104
BRDA:57,5,1,104
BRDA:61,6,0,45
BRDA:61,6,1,58
BRDA:61,7,0,103
BRDA:61,7,1,103
BRDA:66,8,0,13
BRDA:66,8,1,45
BRDA:71,9,0,2
BRDA:71,9,1,43
BRDA:101,10,0,15
BRDA:101,10,1,7
BRDA:102,11,0,5
BRDA:102,11,1,4
BRDA:112,12,0,61
BRDA:112,12,1,20
BRDA:113,13,0,20
BRDA:113,13,1,47
BRDA:122,14,0,33
BRDA:122,14,1,6
BRDA:123,15,0,6
BRDA:123,15,1,45
BRDA:132,16,0,7
BRDA:132,16,1,5
BRDA:134,17,0,1
BRDA:134,17,1,5
BRDA:149,18,0,7
BRDA:149,18,1,7
BRDA:151,19,0,0
BRDA:151,19,1,7
BRDA:156,20,0,1
BRDA:156,20,1,6
BRDA:156,21,0,7
BRDA:156,21,1,3
BRDA:160,22,0,1
BRDA:160,22,1,5
BRDA:160,23,0,6
BRDA:160,23,1,3
BRDA:164,24,0,0
BRDA:164,24,1,5
BRDA:164,25,0,5
BRDA:164,25,1,1
BRDA:169,26,0,1
BRDA:169,26,1,4
BRDA:171,27,0,1
BRDA:171,27,1,0
BRDA:171,28,0,1
BRDA:171,28,1,1
BRDA:176,29,0,2
BRDA:176,29,1,2
BRDA:178,30,0,1
BRDA:178,30,1,1
BRDA:178,31,0,2
BRDA:178,31,1,1
BRDA:184,32,0,2
BRDA:184,32,1,1
BRDA:185,33,0,1
BRDA:185,33,1,2
BRDA:186,34,0,0
BRDA:186,34,1,3
BRDA:187,35,0,1
BRDA:187,35,1,2
BRDA:218,36,0,1
BRDA:218,36,1,1
BRF:72
BRH:68
end_of_record
